<?xml version="1.0" encoding="UTF-8"?>
<!-- Generated by org.testng.reporters.JUnitReportReporter -->
<testsuite hostname="LAPTOP-PLDVID4F" failures="0" tests="1" name="testcases.TC001_Edit" time="0.005" errors="0" timestamp="2021-08-01T09:31:09 IST" skipped="0">
  <testcase classname="testcases.TC001_Edit" name="CountActions" time="0.005"/>
  <system-out/>
</testsuite> <!-- testcases.TC001_Edit -->
